Файлы:
SSBETES.dll
You can find this mod's .dll files under C:\Users\Хозяин\Documents\My Games\Terraria\tModLoader\ModSources\ModAssemblies for easy mod collaboration!
SSBETES.pdb
build.txt
SSBETES.sln
icon.png
Buffs/SSBEBuff.cs
SSBETES.csproj
BPlayer.cs
SSBETES.cs
Buffs/SSBEBuffOLD.png
Buffs/SSBEBuff.png
Helpers/AccessoryHooks.cs
Helpers/ArmorHooks.cs
Helpers/BuffHooks.cs
Helpers/BNetworkHandler.cs
Items/SSBETest.cs
Helpers/Hooks.cs
Layers/BuffLayer.cs
DBTBalance.pdb
description.txt
Items/SSBETest.png
Layers/RippedLayer.cs
Properties/launchSettings.json
Model/BalanceConfig.cs
Model/MyNPCGlobal.cs
Assets/SSBEHair.png
Assets/SSBEArms.png
Assets/SSBEHairOLD.png
Assets/SSBEBody.png
DBTBalance.dll
Assets/SSBEAura.png
